<?xml version="1.0" encoding="UTF-8"?>
<testng-results skipped="0" failed="0" total="1" passed="1">
  <reporter-output>
  </reporter-output>
  <suite name="Default suite" duration-ms="24037" started-at="2015-07-08T11:33:27Z" finished-at="2015-07-08T11:33:51Z">
    <groups>
    </groups>
    <test name="Default test" duration-ms="24037" started-at="2015-07-08T11:33:27Z" finished-at="2015-07-08T11:33:51Z">
      <class name="selenium_course_kolomoets.LoginTest">
        <test-method status="PASS" signature="init()[pri:0, instance:selenium_course_kolomoets.LoginTest@d041cf]" name="init" is-config="true" duration-ms="20761" started-at="2015-07-08T14:33:27Z" finished-at="2015-07-08T14:33:47Z">
          <reporter-output>
          </reporter-output>
        </test-method> <!-- init -->
        <test-method status="PASS" signature="testUntitled()[pri:0, instance:selenium_course_kolomoets.LoginTest@d041cf]" name="testUntitled" duration-ms="3244" started-at="2015-07-08T14:33:47Z" finished-at="2015-07-08T14:33:51Z">
          <reporter-output>
          </reporter-output>
        </test-method> <!-- testUntitled -->
        <test-method status="PASS" signature="tearDown()[pri:0, instance:selenium_course_kolomoets.LoginTest@d041cf]" name="tearDown" is-config="true" duration-ms="1760" started-at="2015-07-08T14:33:51Z" finished-at="2015-07-08T14:33:52Z">
          <reporter-output>
          </reporter-output>
        </test-method> <!-- tearDown -->
      </class> <!-- selenium_course_kolomoets.LoginTest -->
    </test> <!-- Default test -->
  </suite> <!-- Default suite -->
</testng-results>
